# JRE version: OpenJDK Runtime Environment (11.0.12+7) (build 11.0.12+7-LTS)
# Java VM: OpenJDK 64-Bit Server VM (11.0.12+7-LTS, mixed mode, tiered, compressed oops, g1 gc, windows-amd64)
Heap:
 garbage-first heap   total 157696K, used 74312K [0x0000000081600000, 0x0000000100000000)
  region size 1024K, 60 young (61440K), 9 survivors (9216K)
 Metaspace       used 61705K, capacity 63762K, committed 63872K, reserved 1103872K
  class space    used 7946K, capacity 8762K, committed 8832K, reserved 1048576K
GC Heap History (18 events):
Event: 2.269 GC heap before
{Heap before GC invocations=0 (full 0):
 garbage-first heap   total 131072K, used 25600K [0x0000000081600000, 0x0000000100000000)
  region size 1024K, 24 young (24576K), 0 survivors (0K)
 Metaspace       used 14073K, capacity 14497K, committed 14720K, reserved 1062912K
  class space    used 1472K, capacity 1622K, committed 1664K, reserved 1048576K
}
Event: 2.288 GC heap after
{Heap after GC invocations=1 (full 0):
 garbage-first heap   total 131072K, used 7005K [0x0000000081600000, 0x0000000100000000)
  region size 1024K, 3 young (3072K), 3 survivors (3072K)
 Metaspace       used 14073K, capacity 14497K, committed 14720K, reserved 1062912K
  class space    used 1472K, capacity 1622K, committed 1664K, reserved 1048576K
}
Event: 2.871 GC heap before
{Heap before GC invocations=1 (full 0):
 garbage-first heap   total 131072K, used 26461K [0x0000000081600000, 0x0000000100000000)
  region size 1024K, 22 young (22528K), 3 survivors (3072K)
 Metaspace       used 17855K, capacity 18515K, committed 18688K, reserved 1064960K
  class space    used 2014K, capacity 2260K, committed 2304K, reserved 1048576K
}
Event: 2.883 GC heap after
{Heap after GC invocations=2 (full 0):
 garbage-first heap   total 131072K, used 8362K [0x0000000081600000, 0x0000000100000000)
  region size 1024K, 2 young (2048K), 2 survivors (2048K)
 Metaspace       used 17855K, capacity 18515K, committed 18688K, reserved 1064960K
  class space    used 2014K, capacity 2260K, committed 2304K, reserved 1048576K
}
Event: 3.404 GC heap before
{Heap before GC invocations=2 (full 0):
 garbage-first heap   total 131072K, used 24746K [0x0000000081600000, 0x0000000100000000)
  region size 1024K, 20 young (20480K), 2 survivors (2048K)
 Metaspace       used 20397K, capacity 21062K, committed 21248K, reserved 1067008K
  class space    used 2403K, capacity 2690K, committed 2816K, reserved 1048576K
}
Event: 3.411 GC heap after
{Heap after GC invocations=3 (full 0):
 garbage-first heap   total 131072K, used 9012K [0x0000000081600000, 0x0000000100000000)
  region size 1024K, 2 young (2048K), 2 survivors (2048K)
 Metaspace       used 20397K, capacity 21062K, committed 21248K, reserved 1067008K
  class space    used 2403K, capacity 2690K, committed 2816K, reserved 1048576K
}
Event: 4.048 GC heap before
{Heap before GC invocations=4 (full 0):
 garbage-first heap   total 131072K, used 67380K [0x0000000081600000, 0x0000000100000000)
  region size 1024K, 60 young (61440K), 2 survivors (2048K)
 Metaspace       used 25159K, capacity 26020K, committed 26240K, reserved 1073152K
  class space    used 3017K, capacity 3348K, committed 3456K, reserved 1048576K
}
Event: 4.056 GC heap after
{Heap after GC invocations=5 (full 0):
 garbage-first heap   total 131072K, used 10526K [0x0000000081600000, 0x0000000100000000)
  region size 1024K, 4 young (4096K), 4 survivors (4096K)
 Metaspace       used 25159K, capacity 26020K, committed 26240K, reserved 1073152K
  class space    used 3017K, capacity 3348K, committed 3456K, reserved 1048576K
}
Event: 5.506 GC heap before
{Heap before GC invocations=5 (full 0):
 garbage-first heap   total 131072K, used 77086K [0x0000000081600000, 0x0000000100000000)
  region size 1024K, 70 young (71680K), 4 survivors (4096K)
 Metaspace       used 29119K, capacity 30153K, committed 30464K, reserved 1075200K
  class space    used 3582K, capacity 3975K, committed 4096K, reserved 1048576K
}
Event: 5.522 GC heap after
{Heap after GC invocations=6 (full 0):
 garbage-first heap   total 131072K, used 12417K [0x0000000081600000, 0x0000000100000000)
  region size 1024K, 6 young (6144K), 6 survivors (6144K)
 Metaspace       used 29119K, capacity 30153K, committed 30464K, reserved 1075200K
  class space    used 3582K, capacity 3975K, committed 4096K, reserved 1048576K
}
Event: 6.669 GC heap before
{Heap before GC invocations=6 (full 0):
 garbage-first heap   total 131072K, used 83073K [0x0000000081600000, 0x0000000100000000)
  region size 1024K, 76 young (77824K), 6 survivors (6144K)
 Metaspace       used 33612K, capacity 34866K, committed 34944K, reserved 1079296K
  class space    used 4184K, capacity 4691K, committed 4736K, reserved 1048576K
}
Event: 6.693 GC heap after
{Heap after GC invocations=7 (full 0):
 garbage-first heap   total 131072K, used 15256K [0x0000000081600000, 0x0000000100000000)
  region size 1024K, 7 young (7168K), 7 survivors (7168K)
 Metaspace       used 33612K, capacity 34866K, committed 34944K, reserved 1079296K
  class space    used 4184K, capacity 4691K, committed 4736K, reserved 1048576K
}
Event: 7.058 GC heap before
{Heap before GC invocations=7 (full 0):
 garbage-first heap   total 131072K, used 33688K [0x0000000081600000, 0x0000000100000000)
  region size 1024K, 27 young (27648K), 7 survivors (7168K)
 Metaspace       used 34555K, capacity 35791K, committed 35840K, reserved 1081344K
  class space    used 4316K, capacity 4849K, committed 4864K, reserved 1048576K
}
Event: 7.091 GC heap after
{Heap after GC invocations=8 (full 0):
 garbage-first heap   total 157696K, used 16095K [0x0000000081600000, 0x0000000100000000)
  region size 1024K, 6 young (6144K), 6 survivors (6144K)
 Metaspace       used 34555K, capacity 35791K, committed 35840K, reserved 1081344K
  class space    used 4316K, capacity 4849K, committed 4864K, reserved 1048576K
}
Event: 9.762 GC heap before
{Heap before GC invocations=9 (full 0):
 garbage-first heap   total 157696K, used 98015K [0x0000000081600000, 0x0000000100000000)
  region size 1024K, 86 young (88064K), 6 survivors (6144K)
 Metaspace       used 47873K, capacity 49451K, committed 49792K, reserved 1091584K
  class space    used 6058K, capacity 6698K, committed 6784K, reserved 1048576K
}
Event: 9.776 GC heap after
{Heap after GC invocations=10 (full 0):
 garbage-first heap   total 157696K, used 19167K [0x0000000081600000, 0x0000000100000000)
  region size 1024K, 9 young (9216K), 9 survivors (9216K)
 Metaspace       used 47873K, capacity 49451K, committed 49792K, reserved 1091584K
  class space    used 6058K, capacity 6698K, committed 6784K, reserved 1048576K
}
Event: 12.292 GC heap before
{Heap before GC invocations=10 (full 0):
 garbage-first heap   total 157696K, used 95967K [0x0000000081600000, 0x0000000100000000)
  region size 1024K, 85 young (87040K), 9 survivors (9216K)
 Metaspace       used 58071K, capacity 60005K, committed 60160K, reserved 1101824K
  class space    used 7526K, capacity 8289K, committed 8320K, reserved 1048576K
}
Event: 12.309 GC heap after
{Heap after GC invocations=11 (full 0):
 garbage-first heap   total 157696K, used 23112K [0x0000000081600000, 0x0000000100000000)
  region size 1024K, 9 young (9216K), 9 survivors (9216K)
 Metaspace       used 58071K, capacity 60005K, committed 60160K, reserved 1101824K
  class space    used 7526K, capacity 8289K, committed 8320K, reserved 1048576K
}

